  data.c
  main.c
C:\Users\KGITBank\Desktop\오목_0419\lobby\main.c(24): warning C4047: '함수': 'unsigned int *'의 간접 참조 수준이 'UINT'과(와) 다릅니다.
C:\Users\KGITBank\Desktop\오목_0419\lobby\main.c(24): warning C4024: '_beginthreadex': 형식 및 실제 매개 변수 6의 형식이 서로 다릅니다.
C:\Users\KGITBank\Desktop\오목_0419\lobby\main.c(23): warning C4047: '초기화 중': 'UINT'의 간접 참조 수준이 'void *'과(와) 다릅니다.
  socket.c
  worker.c
C:\Users\KGITBank\Desktop\오목_0419\lobby\worker.c(30): warning C4047: '=': 'int'의 간접 참조 수준이 'void *'과(와) 다릅니다.
C:\Users\KGITBank\Desktop\오목_0419\lobby\worker.c(31): warning C4047: '함수': 'int'의 간접 참조 수준이 'void *'과(와) 다릅니다.
C:\Users\KGITBank\Desktop\오목_0419\lobby\worker.c(31): warning C4024: 'sendto': 형식 및 실제 매개 변수 4의 형식이 서로 다릅니다.
C:\Users\KGITBank\Desktop\오목_0419\lobby\worker.c(91): warning C4047: '함수': 'int'의 간접 참조 수준이 'void *'과(와) 다릅니다.
C:\Users\KGITBank\Desktop\오목_0419\lobby\worker.c(91): warning C4024: 'sendto': 형식 및 실제 매개 변수 4의 형식이 서로 다릅니다.
C:\Users\KGITBank\Desktop\오목_0419\lobby\worker.c(102): warning C4047: '함수': 'int'의 간접 참조 수준이 'void *'과(와) 다릅니다.
C:\Users\KGITBank\Desktop\오목_0419\lobby\worker.c(102): warning C4024: 'sendto': 형식 및 실제 매개 변수 4의 형식이 서로 다릅니다.
C:\Users\KGITBank\Desktop\오목_0419\lobby\worker.c(131): warning C4047: '함수': 'int'의 간접 참조 수준이 'void *'과(와) 다릅니다.
C:\Users\KGITBank\Desktop\오목_0419\lobby\worker.c(131): warning C4024: 'sendto': 형식 및 실제 매개 변수 4의 형식이 서로 다릅니다.
C:\Users\KGITBank\Desktop\오목_0419\lobby\worker.c(140): warning C4047: '=': 'int'의 간접 참조 수준이 'void *'과(와) 다릅니다.
C:\Users\KGITBank\Desktop\오목_0419\lobby\worker.c(141): warning C4047: '함수': 'int'의 간접 참조 수준이 'void *'과(와) 다릅니다.
C:\Users\KGITBank\Desktop\오목_0419\lobby\worker.c(141): warning C4024: 'sendto': 형식 및 실제 매개 변수 4의 형식이 서로 다릅니다.
C:\Users\KGITBank\Desktop\오목_0419\lobby\worker.c(152): warning C4047: '=': 'int'의 간접 참조 수준이 'void *'과(와) 다릅니다.
C:\Users\KGITBank\Desktop\오목_0419\lobby\worker.c(153): warning C4047: '함수': 'int'의 간접 참조 수준이 'void *'과(와) 다릅니다.
C:\Users\KGITBank\Desktop\오목_0419\lobby\worker.c(153): warning C4024: 'sendto': 형식 및 실제 매개 변수 4의 형식이 서로 다릅니다.
C:\Users\KGITBank\Desktop\오목_0419\lobby\worker.c(195): warning C4047: '함수': 'int'의 간접 참조 수준이 'void *'과(와) 다릅니다.
C:\Users\KGITBank\Desktop\오목_0419\lobby\worker.c(195): warning C4024: 'sendto': 형식 및 실제 매개 변수 4의 형식이 서로 다릅니다.
  코드를 생성하고 있습니다...
C:\Users\KGITBank\Desktop\오목_0419\lobby\data.c(30): warning C4715: 'GetNthRoom': 모든 제어 경로에서 값을 반환하지는 않습니다.
C:\Users\KGITBank\Desktop\오목_0419\lobby\data.c(97): warning C4715: 'SearchRoom': 모든 제어 경로에서 값을 반환하지는 않습니다.
  lobby.vcxproj -> C:\Users\KGITBank\Desktop\오목_0419\lobby\Debug\lobby.exe
