g:\kgitbank\악성코드분석및모의해킹전문가\포트폴리오\오목\lobby\debug\vc142.pdb
g:\kgitbank\악성코드분석및모의해킹전문가\포트폴리오\오목\lobby\debug\vc142.idb
g:\kgitbank\악성코드분석및모의해킹전문가\포트폴리오\오목\lobby\debug\worker.obj
g:\kgitbank\악성코드분석및모의해킹전문가\포트폴리오\오목\lobby\debug\socket.obj
g:\kgitbank\악성코드분석및모의해킹전문가\포트폴리오\오목\lobby\debug\main.obj
g:\kgitbank\악성코드분석및모의해킹전문가\포트폴리오\오목\lobby\debug\listener.obj
g:\kgitbank\악성코드분석및모의해킹전문가\포트폴리오\오목\lobby\debug\data.obj
c:\users\user\desktop\오목\lobby\debug\vc142.pdb
c:\users\user\desktop\오목\lobby\debug\vc142.idb
c:\users\user\desktop\오목\lobby\debug\worker.obj
c:\users\user\desktop\오목\lobby\debug\socket.obj
c:\users\user\desktop\오목\lobby\debug\main.obj
c:\users\user\desktop\오목\lobby\debug\data.obj
c:\users\user\desktop\오목\lobby\debug\chat.obj
g:\kgitbank\악성코드분석및모의해킹전문가\포트폴리오\오목\lobby\debug\lobby.exe
g:\kgitbank\악성코드분석및모의해킹전문가\포트폴리오\오목\lobby\debug\lobby.ilk
g:\kgitbank\악성코드분석및모의해킹전문가\포트폴리오\오목\lobby\debug\lobby.pdb
c:\users\user\desktop\오목\lobby\debug\lobby.exe
c:\users\user\desktop\오목\lobby\debug\lobby.ilk
c:\users\user\desktop\오목\lobby\debug\lobby.pdb
c:\users\user\desktop\오목\lobby\debug\listener.obj
c:\users\user\desktop\오목\lobby\debug\lobby.tlog\cl.command.1.tlog
c:\users\user\desktop\오목\lobby\debug\lobby.tlog\cl.read.1.tlog
c:\users\user\desktop\오목\lobby\debug\lobby.tlog\cl.write.1.tlog
c:\users\user\desktop\오목\lobby\debug\lobby.tlog\link.command.1.tlog
c:\users\user\desktop\오목\lobby\debug\lobby.tlog\link.read.1.tlog
c:\users\user\desktop\오목\lobby\debug\lobby.tlog\link.write.1.tlog
